# JRE version: Java(TM) SE Runtime Environment (17.0.9+11) (build 17.0.9+11-LTS-201)
# Java VM: Java HotSpot(TM) 64-Bit Server VM (17.0.9+11-LTS-201, mixed mode, sharing, tiered, compressed oops, compressed class ptrs, g1 gc, windows-amd64)
GC Precious Log:
 CPUs: 8 total, 8 available
 Memory: 16122M
 Large Page Support: Disabled
 NUMA Support: Disabled
 Compressed Oops: Enabled (Zero based)
 Heap Region Size: 2M
 Heap Min Capacity: 8M
 Heap Initial Capacity: 252M
 Heap Max Capacity: 4032M
 Pre-touch: Disabled
 Parallel Workers: 8
 Concurrent Workers: 2
 Concurrent Refinement Workers: 8
 Periodic GC: Disabled
Heap:
 garbage-first heap   total 61440K, used 27843K [0x0000000704000000, 0x0000000800000000)
  region size 2048K, 3 young (6144K), 2 survivors (4096K)
 Metaspace       used 55369K, committed 55872K, reserved 1114112K
  class space    used 7498K, committed 7744K, reserved 1048576K
GC Heap History (20 events):
Event: 1.710 GC heap before
{Heap before GC invocations=3 (full 0):
 garbage-first heap   total 258048K, used 19559K [0x0000000704000000, 0x0000000800000000)
  region size 2048K, 7 young (14336K), 3 survivors (6144K)
 Metaspace       used 21269K, committed 21504K, reserved 1114112K
  class space    used 2721K, committed 2816K, reserved 1048576K
}
Event: 1.715 GC heap after
{Heap after GC invocations=4 (full 0):
 garbage-first heap   total 258048K, used 14984K [0x0000000704000000, 0x0000000800000000)
  region size 2048K, 4 young (8192K), 4 survivors (8192K)
 Metaspace       used 21269K, committed 21504K, reserved 1114112K
  class space    used 2721K, committed 2816K, reserved 1048576K
}
Event: 2.331 GC heap before
{Heap before GC invocations=5 (full 0):
 garbage-first heap   total 61440K, used 43656K [0x0000000704000000, 0x0000000800000000)
  region size 2048K, 19 young (38912K), 4 survivors (8192K)
 Metaspace       used 24244K, committed 24640K, reserved 1114112K
  class space    used 3105K, committed 3328K, reserved 1048576K
}
Event: 2.337 GC heap after
{Heap after GC invocations=6 (full 0):
 garbage-first heap   total 61440K, used 16862K [0x0000000704000000, 0x0000000800000000)
  region size 2048K, 5 young (10240K), 5 survivors (10240K)
 Metaspace       used 24244K, committed 24640K, reserved 1114112K
  class space    used 3105K, committed 3328K, reserved 1048576K
}
Event: 3.088 GC heap before
{Heap before GC invocations=6 (full 0):
 garbage-first heap   total 61440K, used 39390K [0x0000000704000000, 0x0000000800000000)
  region size 2048K, 16 young (32768K), 5 survivors (10240K)
 Metaspace       used 27739K, committed 28096K, reserved 1114112K
  class space    used 3592K, committed 3776K, reserved 1048576K
}
Event: 3.095 GC heap after
{Heap after GC invocations=7 (full 0):
 garbage-first heap   total 61440K, used 18394K [0x0000000704000000, 0x0000000800000000)
  region size 2048K, 1 young (2048K), 1 survivors (2048K)
 Metaspace       used 27739K, committed 28096K, reserved 1114112K
  class space    used 3592K, committed 3776K, reserved 1048576K
}
Event: 3.654 GC heap before
{Heap before GC invocations=7 (full 0):
 garbage-first heap   total 61440K, used 40922K [0x0000000704000000, 0x0000000800000000)
  region size 2048K, 12 young (24576K), 1 survivors (2048K)
 Metaspace       used 30735K, committed 31168K, reserved 1114112K
  class space    used 4040K, committed 4224K, reserved 1048576K
}
Event: 3.657 GC heap after
{Heap after GC invocations=8 (full 0):
 garbage-first heap   total 61440K, used 19366K [0x0000000704000000, 0x0000000800000000)
  region size 2048K, 2 young (4096K), 2 survivors (4096K)
 Metaspace       used 30735K, committed 31168K, reserved 1114112K
  class space    used 4040K, committed 4224K, reserved 1048576K
}
Event: 4.289 GC heap before
{Heap before GC invocations=8 (full 0):
 garbage-first heap   total 61440K, used 39846K [0x0000000704000000, 0x0000000800000000)
  region size 2048K, 13 young (26624K), 2 survivors (4096K)
 Metaspace       used 35157K, committed 35584K, reserved 1114112K
  class space    used 4657K, committed 4864K, reserved 1048576K
}
Event: 4.294 GC heap after
{Heap after GC invocations=9 (full 0):
 garbage-first heap   total 61440K, used 21704K [0x0000000704000000, 0x0000000800000000)
  region size 2048K, 2 young (4096K), 2 survivors (4096K)
 Metaspace       used 35157K, committed 35584K, reserved 1114112K
  class space    used 4657K, committed 4864K, reserved 1048576K
}
Event: 4.418 GC heap before
{Heap before GC invocations=9 (full 0):
 garbage-first heap   total 61440K, used 27848K [0x0000000704000000, 0x0000000800000000)
  region size 2048K, 7 young (14336K), 2 survivors (4096K)
 Metaspace       used 35900K, committed 36288K, reserved 1114112K
  class space    used 4727K, committed 4928K, reserved 1048576K
}
Event: 4.422 GC heap after
{Heap after GC invocations=10 (full 0):
 garbage-first heap   total 61440K, used 22480K [0x0000000704000000, 0x0000000800000000)
  region size 2048K, 1 young (2048K), 1 survivors (2048K)
 Metaspace       used 35900K, committed 36288K, reserved 1114112K
  class space    used 4727K, committed 4928K, reserved 1048576K
}
Event: 5.084 GC heap before
{Heap before GC invocations=11 (full 0):
 garbage-first heap   total 61440K, used 45008K [0x0000000704000000, 0x0000000800000000)
  region size 2048K, 12 young (24576K), 1 survivors (2048K)
 Metaspace       used 40757K, committed 41216K, reserved 1114112K
  class space    used 5422K, committed 5632K, reserved 1048576K
}
Event: 5.087 GC heap after
{Heap after GC invocations=12 (full 0):
 garbage-first heap   total 61440K, used 23755K [0x0000000704000000, 0x0000000800000000)
  region size 2048K, 2 young (4096K), 2 survivors (4096K)
 Metaspace       used 40757K, committed 41216K, reserved 1114112K
  class space    used 5422K, committed 5632K, reserved 1048576K
}
Event: 5.659 GC heap before
{Heap before GC invocations=12 (full 0):
 garbage-first heap   total 61440K, used 44235K [0x0000000704000000, 0x0000000800000000)
  region size 2048K, 12 young (24576K), 2 survivors (4096K)
 Metaspace       used 44029K, committed 44480K, reserved 1114112K
  class space    used 5859K, committed 6080K, reserved 1048576K
}
Event: 5.662 GC heap after
{Heap after GC invocations=13 (full 0):
 garbage-first heap   total 61440K, used 25571K [0x0000000704000000, 0x0000000800000000)
  region size 2048K, 2 young (4096K), 2 survivors (4096K)
 Metaspace       used 44029K, committed 44480K, reserved 1114112K
  class space    used 5859K, committed 6080K, reserved 1048576K
}
Event: 6.125 GC heap before
{Heap before GC invocations=13 (full 0):
 garbage-first heap   total 61440K, used 44003K [0x0000000704000000, 0x0000000800000000)
  region size 2048K, 12 young (24576K), 2 survivors (4096K)
 Metaspace       used 48919K, committed 49408K, reserved 1114112K
  class space    used 6673K, committed 6912K, reserved 1048576K
}
Event: 6.129 GC heap after
{Heap after GC invocations=14 (full 0):
 garbage-first heap   total 61440K, used 26586K [0x0000000704000000, 0x0000000800000000)
  region size 2048K, 2 young (4096K), 2 survivors (4096K)
 Metaspace       used 48919K, committed 49408K, reserved 1114112K
  class space    used 6673K, committed 6912K, reserved 1048576K
}
Event: 6.813 GC heap before
{Heap before GC invocations=14 (full 0):
 garbage-first heap   total 61440K, used 47066K [0x0000000704000000, 0x0000000800000000)
  region size 2048K, 12 young (24576K), 2 survivors (4096K)
 Metaspace       used 55032K, committed 55552K, reserved 1114112K
  class space    used 7454K, committed 7680K, reserved 1048576K
}
Event: 6.816 GC heap after
{Heap after GC invocations=15 (full 0):
 garbage-first heap   total 61440K, used 27843K [0x0000000704000000, 0x0000000800000000)
  region size 2048K, 2 young (4096K), 2 survivors (4096K)
 Metaspace       used 55032K, committed 55552K, reserved 1114112K
  class space    used 7454K, committed 7680K, reserved 1048576K
}

