# JRE version: OpenJDK Runtime Environment Temurin-21.0.8+9 (21.0.8+9) (build 21.0.8+9-LTS)
# Java VM: OpenJDK 64-Bit Server VM Temurin-21.0.8+9 (21.0.8+9-LTS, mixed mode, sharing, tiered, compressed oops, compressed class ptrs, parallel gc, windows-amd64)
GC Precious Log:
 CardTable entry size: 512
 CPUs: 8 total, 8 available
 Memory: 16122M
 Large Page Support: Disabled
 NUMA Support: Disabled
 Compressed Oops: Enabled (32-bit)
 Alignments: Space 512K, Generation 512K, Heap 2M
 Heap Min Capacity: 100M
 Heap Initial Capacity: 100M
 Heap Max Capacity: 2G
 Pre-touch: Disabled
 Parallel Workers: 8
Heap:
 PSYoungGen      total 12800K, used 4058K [0x00000000d5580000, 0x00000000d6500000, 0x0000000100000000)
  eden space 11264K, 24% used [0x00000000d5580000,0x00000000d5834df0,0x00000000d6080000)
  from space 1536K, 83% used [0x00000000d6280000,0x00000000d63c1a50,0x00000000d6400000)
  to   space 1024K, 0% used [0x00000000d6400000,0x00000000d6400000,0x00000000d6500000)
 ParOldGen       total 68608K, used 67795K [0x0000000080000000, 0x0000000084300000, 0x00000000d5580000)
  object space 68608K, 98% used [0x0000000080000000,0x0000000084234c90,0x0000000084300000)
 Metaspace       used 55304K, committed 56576K, reserved 1114112K
  class space    used 5901K, committed 6464K, reserved 1048576K
GC Heap History (20 events):
Event: 11.097 GC heap before
{Heap before GC invocations=32 (full 2):
 PSYoungGen      total 20480K, used 20476K [0x00000000d5580000, 0x00000000d7300000, 0x0000000100000000)
  eden space 17920K, 100% used [0x00000000d5580000,0x00000000d6700000,0x00000000d6700000)
  from space 2560K, 99% used [0x00000000d6700000,0x00000000d697f368,0x00000000d6980000)
  to   space 6144K, 0% used [0x00000000d6d00000,0x00000000d6d00000,0x00000000d7300000)
 ParOldGen       total 68608K, used 47141K [0x0000000080000000, 0x0000000084300000, 0x00000000d5580000)
  object space 68608K, 68% used [0x0000000080000000,0x0000000082e09480,0x0000000084300000)
 Metaspace       used 52079K, committed 53312K, reserved 1114112K
  class space    used 5634K, committed 6208K, reserved 1048576K
}
Event: 11.112 GC heap after
{Heap after GC invocations=32 (full 2):
 PSYoungGen      total 20480K, used 2182K [0x00000000d5580000, 0x00000000d6f80000, 0x0000000100000000)
  eden space 17920K, 0% used [0x00000000d5580000,0x00000000d5580000,0x00000000d6700000)
  from space 2560K, 85% used [0x00000000d6d00000,0x00000000d6f219e0,0x00000000d6f80000)
  to   space 3584K, 0% used [0x00000000d6880000,0x00000000d6880000,0x00000000d6c00000)
 ParOldGen       total 68608K, used 49561K [0x0000000080000000, 0x0000000084300000, 0x00000000d5580000)
  object space 68608K, 72% used [0x0000000080000000,0x0000000083066708,0x0000000084300000)
 Metaspace       used 52079K, committed 53312K, reserved 1114112K
  class space    used 5634K, committed 6208K, reserved 1048576K
}
Event: 11.460 GC heap before
{Heap before GC invocations=33 (full 2):
 PSYoungGen      total 20480K, used 20102K [0x00000000d5580000, 0x00000000d6f80000, 0x0000000100000000)
  eden space 17920K, 100% used [0x00000000d5580000,0x00000000d6700000,0x00000000d6700000)
  from space 2560K, 85% used [0x00000000d6d00000,0x00000000d6f219e0,0x00000000d6f80000)
  to   space 3584K, 0% used [0x00000000d6880000,0x00000000d6880000,0x00000000d6c00000)
 ParOldGen       total 68608K, used 49561K [0x0000000080000000, 0x0000000084300000, 0x00000000d5580000)
  object space 68608K, 72% used [0x0000000080000000,0x0000000083066708,0x0000000084300000)
 Metaspace       used 52418K, committed 53696K, reserved 1114112K
  class space    used 5670K, committed 6208K, reserved 1048576K
}
Event: 11.467 GC heap after
{Heap after GC invocations=33 (full 2):
 PSYoungGen      total 20992K, used 2848K [0x00000000d5580000, 0x00000000d6d80000, 0x0000000100000000)
  eden space 17920K, 0% used [0x00000000d5580000,0x00000000d5580000,0x00000000d6700000)
  from space 3072K, 92% used [0x00000000d6880000,0x00000000d6b48330,0x00000000d6b80000)
  to   space 2048K, 0% used [0x00000000d6b80000,0x00000000d6b80000,0x00000000d6d80000)
 ParOldGen       total 68608K, used 51616K [0x0000000080000000, 0x0000000084300000, 0x00000000d5580000)
  object space 68608K, 75% used [0x0000000080000000,0x00000000832681a8,0x0000000084300000)
 Metaspace       used 52418K, committed 53696K, reserved 1114112K
  class space    used 5670K, committed 6208K, reserved 1048576K
}
Event: 11.866 GC heap before
{Heap before GC invocations=34 (full 2):
 PSYoungGen      total 20992K, used 20768K [0x00000000d5580000, 0x00000000d6d80000, 0x0000000100000000)
  eden space 17920K, 100% used [0x00000000d5580000,0x00000000d6700000,0x00000000d6700000)
  from space 3072K, 92% used [0x00000000d6880000,0x00000000d6b48330,0x00000000d6b80000)
  to   space 2048K, 0% used [0x00000000d6b80000,0x00000000d6b80000,0x00000000d6d80000)
 ParOldGen       total 68608K, used 51616K [0x0000000080000000, 0x0000000084300000, 0x00000000d5580000)
  object space 68608K, 75% used [0x0000000080000000,0x00000000832681a8,0x0000000084300000)
 Metaspace       used 52939K, committed 54208K, reserved 1114112K
  class space    used 5723K, committed 6272K, reserved 1048576K
}
Event: 11.872 GC heap after
{Heap after GC invocations=34 (full 2):
 PSYoungGen      total 18944K, used 2027K [0x00000000d5580000, 0x00000000d7200000, 0x0000000100000000)
  eden space 16896K, 0% used [0x00000000d5580000,0x00000000d5580000,0x00000000d6600000)
  from space 2048K, 99% used [0x00000000d6b80000,0x00000000d6d7afb0,0x00000000d6d80000)
  to   space 5632K, 0% used [0x00000000d6600000,0x00000000d6600000,0x00000000d6b80000)
 ParOldGen       total 68608K, used 54422K [0x0000000080000000, 0x0000000084300000, 0x00000000d5580000)
  object space 68608K, 79% used [0x0000000080000000,0x0000000083525bc8,0x0000000084300000)
 Metaspace       used 52939K, committed 54208K, reserved 1114112K
  class space    used 5723K, committed 6272K, reserved 1048576K
}
Event: 12.031 GC heap before
{Heap before GC invocations=35 (full 2):
 PSYoungGen      total 18944K, used 18923K [0x00000000d5580000, 0x00000000d7200000, 0x0000000100000000)
  eden space 16896K, 100% used [0x00000000d5580000,0x00000000d6600000,0x00000000d6600000)
  from space 2048K, 99% used [0x00000000d6b80000,0x00000000d6d7afb0,0x00000000d6d80000)
  to   space 5632K, 0% used [0x00000000d6600000,0x00000000d6600000,0x00000000d6b80000)
 ParOldGen       total 68608K, used 54422K [0x0000000080000000, 0x0000000084300000, 0x00000000d5580000)
  object space 68608K, 79% used [0x0000000080000000,0x0000000083525bc8,0x0000000084300000)
 Metaspace       used 53476K, committed 54720K, reserved 1114112K
  class space    used 5771K, committed 6336K, reserved 1048576K
}
Event: 12.034 GC heap after
{Heap after GC invocations=35 (full 2):
 PSYoungGen      total 20480K, used 3181K [0x00000000d5580000, 0x00000000d6e00000, 0x0000000100000000)
  eden space 16896K, 0% used [0x00000000d5580000,0x00000000d5580000,0x00000000d6600000)
  from space 3584K, 88% used [0x00000000d6600000,0x00000000d691b7b8,0x00000000d6980000)
  to   space 4096K, 0% used [0x00000000d6a00000,0x00000000d6a00000,0x00000000d6e00000)
 ParOldGen       total 68608K, used 56155K [0x0000000080000000, 0x0000000084300000, 0x00000000d5580000)
  object space 68608K, 81% used [0x0000000080000000,0x00000000836d6d30,0x0000000084300000)
 Metaspace       used 53476K, committed 54720K, reserved 1114112K
  class space    used 5771K, committed 6336K, reserved 1048576K
}
Event: 12.151 GC heap before
{Heap before GC invocations=36 (full 2):
 PSYoungGen      total 20480K, used 20077K [0x00000000d5580000, 0x00000000d6e00000, 0x0000000100000000)
  eden space 16896K, 100% used [0x00000000d5580000,0x00000000d6600000,0x00000000d6600000)
  from space 3584K, 88% used [0x00000000d6600000,0x00000000d691b7b8,0x00000000d6980000)
  to   space 4096K, 0% used [0x00000000d6a00000,0x00000000d6a00000,0x00000000d6e00000)
 ParOldGen       total 68608K, used 56155K [0x0000000080000000, 0x0000000084300000, 0x00000000d5580000)
  object space 68608K, 81% used [0x0000000080000000,0x00000000836d6d30,0x0000000084300000)
 Metaspace       used 53495K, committed 54720K, reserved 1114112K
  class space    used 5775K, committed 6336K, reserved 1048576K
}
Event: 12.155 GC heap after
{Heap after GC invocations=36 (full 2):
 PSYoungGen      total 15360K, used 4082K [0x00000000d5580000, 0x00000000d7900000, 0x0000000100000000)
  eden space 11264K, 0% used [0x00000000d5580000,0x00000000d5580000,0x00000000d6080000)
  from space 4096K, 99% used [0x00000000d6a00000,0x00000000d6dfcbe8,0x00000000d6e00000)
  to   space 9728K, 0% used [0x00000000d6080000,0x00000000d6080000,0x00000000d6a00000)
 ParOldGen       total 68608K, used 60443K [0x0000000080000000, 0x0000000084300000, 0x00000000d5580000)
  object space 68608K, 88% used [0x0000000080000000,0x0000000083b06fb8,0x0000000084300000)
 Metaspace       used 53495K, committed 54720K, reserved 1114112K
  class space    used 5775K, committed 6336K, reserved 1048576K
}
Event: 12.416 GC heap before
{Heap before GC invocations=37 (full 2):
 PSYoungGen      total 15360K, used 15198K [0x00000000d5580000, 0x00000000d7900000, 0x0000000100000000)
  eden space 11264K, 98% used [0x00000000d5580000,0x00000000d605ae28,0x00000000d6080000)
  from space 4096K, 99% used [0x00000000d6a00000,0x00000000d6dfcbe8,0x00000000d6e00000)
  to   space 9728K, 0% used [0x00000000d6080000,0x00000000d6080000,0x00000000d6a00000)
 ParOldGen       total 68608K, used 60443K [0x0000000080000000, 0x0000000084300000, 0x00000000d5580000)
  object space 68608K, 88% used [0x0000000080000000,0x0000000083b06fb8,0x0000000084300000)
 Metaspace       used 54367K, committed 55680K, reserved 1114112K
  class space    used 5816K, committed 6400K, reserved 1048576K
}
Event: 12.421 GC heap after
{Heap after GC invocations=37 (full 2):
 PSYoungGen      total 14848K, used 3188K [0x00000000d5580000, 0x00000000d6a80000, 0x0000000100000000)
  eden space 11264K, 0% used [0x00000000d5580000,0x00000000d5580000,0x00000000d6080000)
  from space 3584K, 88% used [0x00000000d6080000,0x00000000d639d220,0x00000000d6400000)
  to   space 5120K, 0% used [0x00000000d6580000,0x00000000d6580000,0x00000000d6a80000)
 ParOldGen       total 68608K, used 64465K [0x0000000080000000, 0x0000000084300000, 0x00000000d5580000)
  object space 68608K, 93% used [0x0000000080000000,0x0000000083ef4680,0x0000000084300000)
 Metaspace       used 54367K, committed 55680K, reserved 1114112K
  class space    used 5816K, committed 6400K, reserved 1048576K
}
Event: 12.584 GC heap before
{Heap before GC invocations=38 (full 2):
 PSYoungGen      total 14848K, used 14452K [0x00000000d5580000, 0x00000000d6a80000, 0x0000000100000000)
  eden space 11264K, 100% used [0x00000000d5580000,0x00000000d6080000,0x00000000d6080000)
  from space 3584K, 88% used [0x00000000d6080000,0x00000000d639d220,0x00000000d6400000)
  to   space 5120K, 0% used [0x00000000d6580000,0x00000000d6580000,0x00000000d6a80000)
 ParOldGen       total 68608K, used 64465K [0x0000000080000000, 0x0000000084300000, 0x00000000d5580000)
  object space 68608K, 93% used [0x0000000080000000,0x0000000083ef4680,0x0000000084300000)
 Metaspace       used 54382K, committed 55680K, reserved 1114112K
  class space    used 5816K, committed 6400K, reserved 1048576K
}
Event: 12.587 GC heap after
{Heap after GC invocations=38 (full 2):
 PSYoungGen      total 12800K, used 1328K [0x00000000d5580000, 0x00000000d6700000, 0x0000000100000000)
  eden space 11264K, 0% used [0x00000000d5580000,0x00000000d5580000,0x00000000d6080000)
  from space 1536K, 86% used [0x00000000d6580000,0x00000000d66cc368,0x00000000d6700000)
  to   space 2560K, 0% used [0x00000000d6200000,0x00000000d6200000,0x00000000d6480000)
 ParOldGen       total 68608K, used 66672K [0x0000000080000000, 0x0000000084300000, 0x00000000d5580000)
  object space 68608K, 97% used [0x0000000080000000,0x000000008411c3b8,0x0000000084300000)
 Metaspace       used 54382K, committed 55680K, reserved 1114112K
  class space    used 5816K, committed 6400K, reserved 1048576K
}
Event: 12.817 GC heap before
{Heap before GC invocations=39 (full 2):
 PSYoungGen      total 12800K, used 12592K [0x00000000d5580000, 0x00000000d6700000, 0x0000000100000000)
  eden space 11264K, 100% used [0x00000000d5580000,0x00000000d6080000,0x00000000d6080000)
  from space 1536K, 86% used [0x00000000d6580000,0x00000000d66cc368,0x00000000d6700000)
  to   space 2560K, 0% used [0x00000000d6200000,0x00000000d6200000,0x00000000d6480000)
 ParOldGen       total 68608K, used 66672K [0x0000000080000000, 0x0000000084300000, 0x00000000d5580000)
  object space 68608K, 97% used [0x0000000080000000,0x000000008411c3b8,0x0000000084300000)
 Metaspace       used 54395K, committed 55680K, reserved 1114112K
  class space    used 5816K, committed 6400K, reserved 1048576K
}
Event: 12.820 GC heap after
{Heap after GC invocations=39 (full 2):
 PSYoungGen      total 13824K, used 662K [0x00000000d5580000, 0x00000000d6600000, 0x0000000100000000)
  eden space 11264K, 0% used [0x00000000d5580000,0x00000000d5580000,0x00000000d6080000)
  from space 2560K, 25% used [0x00000000d6200000,0x00000000d62a5800,0x00000000d6480000)
  to   space 1536K, 0% used [0x00000000d6480000,0x00000000d6480000,0x00000000d6600000)
 ParOldGen       total 68608K, used 67707K [0x0000000080000000, 0x0000000084300000, 0x00000000d5580000)
  object space 68608K, 98% used [0x0000000080000000,0x000000008421ec90,0x0000000084300000)
 Metaspace       used 54395K, committed 55680K, reserved 1114112K
  class space    used 5816K, committed 6400K, reserved 1048576K
}
Event: 12.920 GC heap before
{Heap before GC invocations=40 (full 2):
 PSYoungGen      total 13824K, used 11926K [0x00000000d5580000, 0x00000000d6600000, 0x0000000100000000)
  eden space 11264K, 100% used [0x00000000d5580000,0x00000000d6080000,0x00000000d6080000)
  from space 2560K, 25% used [0x00000000d6200000,0x00000000d62a5800,0x00000000d6480000)
  to   space 1536K, 0% used [0x00000000d6480000,0x00000000d6480000,0x00000000d6600000)
 ParOldGen       total 68608K, used 67707K [0x0000000080000000, 0x0000000084300000, 0x00000000d5580000)
  object space 68608K, 98% used [0x0000000080000000,0x000000008421ec90,0x0000000084300000)
 Metaspace       used 54396K, committed 55680K, reserved 1114112K
  class space    used 5816K, committed 6400K, reserved 1048576K
}
Event: 12.921 GC heap after
{Heap after GC invocations=40 (full 2):
 PSYoungGen      total 12288K, used 969K [0x00000000d5580000, 0x00000000d6580000, 0x0000000100000000)
  eden space 11264K, 0% used [0x00000000d5580000,0x00000000d5580000,0x00000000d6080000)
  from space 1024K, 94% used [0x00000000d6480000,0x00000000d6572580,0x00000000d6580000)
  to   space 1536K, 0% used [0x00000000d6280000,0x00000000d6280000,0x00000000d6400000)
 ParOldGen       total 68608K, used 67731K [0x0000000080000000, 0x0000000084300000, 0x00000000d5580000)
  object space 68608K, 98% used [0x0000000080000000,0x0000000084224c90,0x0000000084300000)
 Metaspace       used 54396K, committed 55680K, reserved 1114112K
  class space    used 5816K, committed 6400K, reserved 1048576K
}
Event: 13.050 GC heap before
{Heap before GC invocations=41 (full 2):
 PSYoungGen      total 12288K, used 12233K [0x00000000d5580000, 0x00000000d6580000, 0x0000000100000000)
  eden space 11264K, 99% used [0x00000000d5580000,0x00000000d607ffe0,0x00000000d6080000)
  from space 1024K, 94% used [0x00000000d6480000,0x00000000d6572580,0x00000000d6580000)
  to   space 1536K, 0% used [0x00000000d6280000,0x00000000d6280000,0x00000000d6400000)
 ParOldGen       total 68608K, used 67731K [0x0000000080000000, 0x0000000084300000, 0x00000000d5580000)
  object space 68608K, 98% used [0x0000000080000000,0x0000000084224c90,0x0000000084300000)
 Metaspace       used 54964K, committed 56192K, reserved 1114112K
  class space    used 5864K, committed 6400K, reserved 1048576K
}
Event: 13.052 GC heap after
{Heap after GC invocations=41 (full 2):
 PSYoungGen      total 12800K, used 1286K [0x00000000d5580000, 0x00000000d6500000, 0x0000000100000000)
  eden space 11264K, 0% used [0x00000000d5580000,0x00000000d5580000,0x00000000d6080000)
  from space 1536K, 83% used [0x00000000d6280000,0x00000000d63c1a50,0x00000000d6400000)
  to   space 1024K, 0% used [0x00000000d6400000,0x00000000d6400000,0x00000000d6500000)
 ParOldGen       total 68608K, used 67795K [0x0000000080000000, 0x0000000084300000, 0x00000000d5580000)
  object space 68608K, 98% used [0x0000000080000000,0x0000000084234c90,0x0000000084300000)
 Metaspace       used 54964K, committed 56192K, reserved 1114112K
  class space    used 5864K, committed 6400K, reserved 1048576K
}

